<?xml version="1.0" encoding="UTF-8"?>
<!-- Generated by org.testng.reporters.JUnitReportReporter -->
<testsuite hostname="LAPTOP-2LU98G29" failures="0" tests="1" name="OrangeHrm.testcase.AdminLogInWithInvalidData" time="0.402" errors="0" timestamp="2024-12-14T09:13:18 IST" skipped="0">
  <testcase classname="OrangeHrm.testcase.AdminLogInWithInvalidData" name="CheckAdminLogin" time="0.402"/>
</testsuite> <!-- OrangeHrm.testcase.AdminLogInWithInvalidData -->
