<?xml version="1.0" encoding="UTF-8"?>
<!-- Generated by org.testng.reporters.JUnitReportReporter -->
<testsuite hostname="LAPTOP-2LU98G29" failures="0" tests="1" name="OrangeHrm.testcase.EmpLogIn" time="23.639" errors="0" timestamp="2024-12-14T09:09:53 IST" skipped="0">
  <testcase classname="OrangeHrm.testcase.EmpLogIn" name="CheckEmpLogIn" time="23.639"/>
</testsuite> <!-- OrangeHrm.testcase.EmpLogIn -->
