<?xml version="1.0" encoding="UTF-8"?>
<!-- Generated by org.testng.reporters.JUnitReportReporter -->
<testsuite hostname="LAPTOP-2LU98G29" failures="0" tests="1" name="OrangeHrm.testcase.UserRegTest" time="4.859" errors="0" timestamp="2024-12-14T09:13:18 IST" skipped="0">
  <testcase classname="OrangeHrm.testcase.UserRegTest" name="CheckUserReg" time="4.859"/>
</testsuite> <!-- OrangeHrm.testcase.UserRegTest -->
